This is pdfTeX, Version 3.141592653-2.6-1.40.22 (TeX Live 2022/dev/Debian) (preloaded format=pdflatex 2026.2.10)  6 MAR 2026 20:46
entering extended mode
 restricted \write18 enabled.
 %&-line parsing enabled.
**main.tex
(./main.tex
LaTeX2e <2021-11-15> patch level 1
L3 programming layer <2022-01-21> (./WileyMSP-template.cls
Document Class: WileyMSP-template 
(/usr/share/texlive/texmf-dist/tex/latex/base/article.cls
Document Class: article 2021/10/04 v1.4n Standard LaTeX document class
(/usr/share/texlive/texmf-dist/tex/latex/base/size10.clo
File: size10.clo 2021/10/04 v1.4n Standard LaTeX file (size option)
)
\c@part=\count185
\c@section=\count186
\c@subsection=\count187
\c@subsubsection=\count188
\c@paragraph=\count189
\c@subparagraph=\count190
\c@figure=\count191
\c@table=\count192
\abovecaptionskip=\skip47
\belowcaptionskip=\skip48
\bibindent=\dimen138
)
(/usr/share/texlive/texmf-dist/tex/latex/ragged2e/ragged2e.sty
Package: ragged2e 2021/12/15 v3.1 ragged2e Package
\CenteringLeftskip=\skip49
\RaggedLeftLeftskip=\skip50
\RaggedRightLeftskip=\skip51
\CenteringRightskip=\skip52
\RaggedLeftRightskip=\skip53
\RaggedRightRightskip=\skip54
\CenteringParfillskip=\skip55
\RaggedLeftParfillskip=\skip56
\RaggedRightParfillskip=\skip57
\JustifyingParfillskip=\skip58
\CenteringParindent=\skip59
\RaggedLeftParindent=\skip60
\RaggedRightParindent=\skip61
\JustifyingParindent=\skip62
)
(/usr/share/texlive/texmf-dist/tex/latex/graphics/graphicx.sty
Package: graphicx 2021/09/16 v1.2d Enhanced LaTeX Graphics (DPC,SPQR)

(/usr/share/texlive/texmf-dist/tex/latex/graphics/keyval.sty
Package: keyval 2014/10/28 v1.15 key=value parser (DPC)
\KV@toks@=\toks16
)
(/usr/share/texlive/texmf-dist/tex/latex/graphics/graphics.sty
Package: graphics 2021/03/04 v1.4d Standard LaTeX Graphics (DPC,SPQR)

(/usr/share/texlive/texmf-dist/tex/latex/graphics/trig.sty
Package: trig 2021/08/11 v1.11 sin cos tan (DPC)
)
(/usr/share/texlive/texmf-dist/tex/latex/graphics-cfg/graphics.cfg
File: graphics.cfg 2016/06/04 v1.11 sample graphics configuration
)
Package graphics Info: Driver file: pdftex.def on input line 107.

(/usr/share/texlive/texmf-dist/tex/latex/graphics-def/pdftex.def
File: pdftex.def 2020/10/05 v1.2a Graphics/color driver for pdftex
))
\Gin@req@height=\dimen139
\Gin@req@width=\dimen140
)
(/usr/share/texlive/texmf-dist/tex/latex/caption/caption.sty
Package: caption 2020/10/26 v3.5g Customizing captions (AR)

(/usr/share/texlive/texmf-dist/tex/latex/caption/caption3.sty
Package: caption3 2020/10/21 v2.2e caption3 kernel (AR)
\captionmargin=\dimen141
\captionmargin@=\dimen142
\captionwidth=\dimen143
\caption@tempdima=\dimen144
\caption@indent=\dimen145
\caption@parindent=\dimen146
\caption@hangindent=\dimen147
Package caption Info: Standard document class detected.
)
\c@caption@flags=\count193
\c@continuedfloat=\count194
)
(/usr/share/texlive/texmf-dist/tex/latex/geometry/geometry.sty
Package: geometry 2020/01/02 v5.9 Page Geometry

(/usr/share/texlive/texmf-dist/tex/generic/iftex/ifvtex.sty
Package: ifvtex 2019/10/25 v1.7 ifvtex legacy package. Use iftex instead.

(/usr/share/texlive/texmf-dist/tex/generic/iftex/iftex.sty
Package: iftex 2020/03/06 v1.0d TeX engine tests
))
\Gm@cnth=\count195
\Gm@cntv=\count196
\c@Gm@tempcnt=\count197
\Gm@bindingoffset=\dimen148
\Gm@wd@mp=\dimen149
\Gm@odd@mp=\dimen150
\Gm@even@mp=\dimen151
\Gm@layoutwidth=\dimen152
\Gm@layoutheight=\dimen153
\Gm@layouthoffset=\dimen154
\Gm@layoutvoffset=\dimen155
\Gm@dimlist=\toks17
)
(/usr/share/texlive/texmf-dist/tex/latex/fancyhdr/fancyhdr.sty
Package: fancyhdr 2021/01/28 v4.0.1 Extensive control of page headers and foote
rs
\f@nch@headwidth=\skip63
\f@nch@O@elh=\skip64
\f@nch@O@erh=\skip65
\f@nch@O@olh=\skip66
\f@nch@O@orh=\skip67
\f@nch@O@elf=\skip68
\f@nch@O@erf=\skip69
\f@nch@O@olf=\skip70
\f@nch@O@orf=\skip71
)
(/usr/share/texlive/texmf-dist/tex/latex/was/gensymb.sty
Package: gensymb 2003/07/02 v1.0 (WaS)
)
(/usr/share/texlive/texmf-dist/tex/latex/amsmath/amsmath.sty
Package: amsmath 2021/10/15 v2.17l AMS math features
\@mathmargin=\skip72

For additional information on amsmath, use the `?' option.
(/usr/share/texlive/texmf-dist/tex/latex/amsmath/amstext.sty
Package: amstext 2021/08/26 v2.01 AMS text

(/usr/share/texlive/texmf-dist/tex/latex/amsmath/amsgen.sty
File: amsgen.sty 1999/11/30 v2.0 generic functions
\@emptytoks=\toks18
\ex@=\dimen156
))
(/usr/share/texlive/texmf-dist/tex/latex/amsmath/amsbsy.sty
Package: amsbsy 1999/11/29 v1.2d Bold Symbols
\pmbraise@=\dimen157
)
(/usr/share/texlive/texmf-dist/tex/latex/amsmath/amsopn.sty
Package: amsopn 2021/08/26 v2.02 operator names
)
\inf@bad=\count198
LaTeX Info: Redefining \frac on input line 234.
\uproot@=\count199
\leftroot@=\count266
LaTeX Info: Redefining \overline on input line 399.
\classnum@=\count267
\DOTSCASE@=\count268
LaTeX Info: Redefining \ldots on input line 496.
LaTeX Info: Redefining \dots on input line 499.
LaTeX Info: Redefining \cdots on input line 620.
\Mathstrutbox@=\box50
\strutbox@=\box51
\big@size=\dimen158
LaTeX Font Info:    Redeclaring font encoding OML on input line 743.
LaTeX Font Info:    Redeclaring font encoding OMS on input line 744.
\macc@depth=\count269
\c@MaxMatrixCols=\count270
\dotsspace@=\muskip16
\c@parentequation=\count271
\dspbrk@lvl=\count272
\tag@help=\toks19
\row@=\count273
\column@=\count274
\maxfields@=\count275
\andhelp@=\toks20
\eqnshift@=\dimen159
\alignsep@=\dimen160
\tagshift@=\dimen161
\tagwidth@=\dimen162
\totwidth@=\dimen163
\lineht@=\dimen164
\@envbody=\toks21
\multlinegap=\skip73
\multlinetaggap=\skip74
\mathdisplay@stack=\toks22
LaTeX Info: Redefining \[ on input line 2938.
LaTeX Info: Redefining \] on input line 2939.
)
(/usr/share/texlive/texmf-dist/tex/latex/amsfonts/amsfonts.sty
Package: amsfonts 2013/01/14 v3.01 Basic AMSFonts support
\symAMSa=\mathgroup4
\symAMSb=\mathgroup5
LaTeX Font Info:    Redeclaring math symbol \hbar on input line 98.
LaTeX Font Info:    Overwriting math alphabet `\mathfrak' in version `bold'
(Font)                  U/euf/m/n --> U/euf/b/n on input line 106.
)
(/usr/share/texlive/texmf-dist/tex/latex/tools/bm.sty
Package: bm 2021/04/25 v1.2e Bold Symbol Support (DPC/FMi)
\symboldoperators=\mathgroup6
\symboldletters=\mathgroup7
\symboldsymbols=\mathgroup8
Package bm Info: No bold for \OMX/cmex/m/n, using \pmb.
Package bm Info: No bold for \U/msa/m/n, using \pmb.
Package bm Info: No bold for \U/msb/m/n, using \pmb.
LaTeX Font Info:    Redeclaring math alphabet \mathbf on input line 149.
)
(/usr/share/texlive/texmf-dist/tex/latex/here/here.sty)
(/usr/share/texlive/texmf-dist/tex/latex/float/float.sty
Package: float 2001/11/08 v1.3d Float enhancements (AL)
\c@float@type=\count276
\float@exts=\toks23
\float@box=\box52
\@float@everytoks=\toks24
\@floatcapt=\box53
)
(/usr/share/texlive/texmf-dist/tex/latex/tools/multicol.sty
Package: multicol 2021/10/28 v1.9b multicolumn formatting (FMi)
\c@tracingmulticols=\count277
\mult@box=\box54
\multicol@leftmargin=\dimen165
\c@unbalance=\count278
\c@collectmore=\count279
\doublecol@number=\count280
\multicoltolerance=\count281
\multicolpretolerance=\count282
\full@width=\dimen166
\page@free=\dimen167
\premulticols=\dimen168
\postmulticols=\dimen169
\multicolsep=\skip75
\multicolbaselineskip=\skip76
\partial@page=\box55
\last@line=\box56
\maxbalancingoverflow=\dimen170
\mult@rightbox=\box57
\mult@grightbox=\box58
\mult@firstbox=\box59
\mult@gfirstbox=\box60
\@tempa=\box61
\@tempa=\box62
\@tempa=\box63
\@tempa=\box64
\@tempa=\box65
\@tempa=\box66
\@tempa=\box67
\@tempa=\box68
\@tempa=\box69
\@tempa=\box70
\@tempa=\box71
\@tempa=\box72
\@tempa=\box73
\@tempa=\box74
\@tempa=\box75
\@tempa=\box76
\@tempa=\box77
\@tempa=\box78
\@tempa=\box79
\@tempa=\box80
\@tempa=\box81
\@tempa=\box82
\@tempa=\box83
\@tempa=\box84
\@tempa=\box85
\@tempa=\box86
\@tempa=\box87
\@tempa=\box88
\@tempa=\box89
\@tempa=\box90
\@tempa=\box91
\@tempa=\box92
\@tempa=\box93
\@tempa=\box94
\@tempa=\box95
\@tempa=\box96
\c@minrows=\count283
\c@columnbadness=\count284
\c@finalcolumnbadness=\count285
\last@try=\dimen171
\multicolovershoot=\dimen172
\multicolundershoot=\dimen173
\mult@nat@firstbox=\box97
\colbreak@box=\box98
\mc@col@check@num=\count286
)
(/usr/share/texlive/texmf-dist/tex/latex/siunitx/siunitx.sty
Package: siunitx 2022-02-02 v3.0.46 A comprehensive (SI) units package
\l__siunitx_angle_tmp_dim=\dimen174
\l__siunitx_angle_marker_box=\box99
\l__siunitx_angle_unit_box=\box100
\l__siunitx_compound_count_int=\count287

(/usr/share/texlive/texmf-dist/tex/latex/translations/translations.sty
Package: translations 2022/01/04 v1.11 internationalization of LaTeX2e packages
 (CN)

(/usr/share/texlive/texmf-dist/tex/latex/etoolbox/etoolbox.sty
Package: etoolbox 2020/10/05 v2.5k e-TeX tools for LaTeX (JAW)
\etb@tempcnta=\count288
)
(/usr/share/texlive/texmf-dist/tex/generic/pdftexcmds/pdftexcmds.sty
Package: pdftexcmds 2020-06-27 v0.33 Utility functions of pdfTeX for LuaTeX (HO
)

(/usr/share/texlive/texmf-dist/tex/generic/infwarerr/infwarerr.sty
Package: infwarerr 2019/12/03 v1.5 Providing info/warning/error messages (HO)
)
(/usr/share/texlive/texmf-dist/tex/generic/ltxcmds/ltxcmds.sty
Package: ltxcmds 2020-05-10 v1.25 LaTeX kernel commands for general use (HO)
)
Package pdftexcmds Info: \pdf@primitive is available.
Package pdftexcmds Info: \pdf@ifprimitive is available.
Package pdftexcmds Info: \pdfdraftmode found.
))
\l__siunitx_number_exponent_fixed_int=\count289
\l__siunitx_number_min_decimal_int=\count290
\l__siunitx_number_min_integer_int=\count291
\l__siunitx_number_round_precision_int=\count292
\l__siunitx_number_group_minimum_int=\count293
\l__siunitx_table_tmp_box=\box101
\l__siunitx_table_tmp_dim=\dimen175
\l__siunitx_table_column_width_dim=\dimen176
\l__siunitx_table_integer_box=\box102
\l__siunitx_table_decimal_box=\box103
\l__siunitx_table_before_box=\box104
\l__siunitx_table_after_box=\box105
\l__siunitx_table_before_dim=\dimen177
\l__siunitx_table_carry_dim=\dimen178
\l__siunitx_unit_tmp_int=\count294
\l__siunitx_unit_position_int=\count295
\l__siunitx_unit_total_int=\count296

(/usr/share/texlive/texmf-dist/tex/latex/l3packages/l3keys2e/l3keys2e.sty
(/usr/share/texlive/texmf-dist/tex/latex/l3kernel/expl3.sty
Package: expl3 2022-01-21 L3 programming layer (loader) 

(/usr/share/texlive/texmf-dist/tex/latex/l3backend/l3backend-pdftex.def
File: l3backend-pdftex.def 2022-01-12 L3 backend support: PDF output (pdfTeX)
\l__color_backend_stack_int=\count297
\l__pdf_internal_box=\box106
))
Package: l3keys2e 2022-01-12 LaTeX2e option processing using LaTeX3 keys
)
(/usr/share/texlive/texmf-dist/tex/latex/tools/array.sty
Package: array 2021/10/04 v2.5f Tabular extension package (FMi)
\col@sep=\dimen179
\ar@mcellbox=\box107
\extrarowheight=\dimen180
\NC@list=\toks25
\extratabsurround=\skip77
\backup@length=\skip78
\ar@cellbox=\box108
))
(/usr/share/texlive/texmf-dist/tex/latex/cite/cite.sty
LaTeX Info: Redefining \cite on input line 302.
LaTeX Info: Redefining \nocite on input line 332.
Package: cite 2015/02/27  v 5.5
)
(/usr/share/texlive/texmf-dist/tex/latex/hyperref/hyperref.sty
Package: hyperref 2021-06-07 v7.00m Hypertext links for LaTeX

(/usr/share/texlive/texmf-dist/tex/generic/kvsetkeys/kvsetkeys.sty
Package: kvsetkeys 2019/12/15 v1.18 Key value parser (HO)
)
(/usr/share/texlive/texmf-dist/tex/generic/kvdefinekeys/kvdefinekeys.sty
Package: kvdefinekeys 2019-12-19 v1.6 Define keys (HO)
)
(/usr/share/texlive/texmf-dist/tex/generic/pdfescape/pdfescape.sty
Package: pdfescape 2019/12/09 v1.15 Implements pdfTeX's escape features (HO)
)
(/usr/share/texlive/texmf-dist/tex/latex/hycolor/hycolor.sty
Package: hycolor 2020-01-27 v1.10 Color options for hyperref/bookmark (HO)
)
(/usr/share/texlive/texmf-dist/tex/latex/letltxmacro/letltxmacro.sty
Package: letltxmacro 2019/12/03 v1.6 Let assignment for LaTeX macros (HO)
)
(/usr/share/texlive/texmf-dist/tex/latex/auxhook/auxhook.sty
Package: auxhook 2019-12-17 v1.6 Hooks for auxiliary files (HO)
)
(/usr/share/texlive/texmf-dist/tex/latex/kvoptions/kvoptions.sty
Package: kvoptions 2020-10-07 v3.14 Key value format for package options (HO)
)
\@linkdim=\dimen181
\Hy@linkcounter=\count298
\Hy@pagecounter=\count299

(/usr/share/texlive/texmf-dist/tex/latex/hyperref/pd1enc.def
File: pd1enc.def 2021-06-07 v7.00m Hyperref: PDFDocEncoding definition (HO)
Now handling font encoding PD1 ...
... no UTF-8 mapping file for font encoding PD1
)
(/usr/share/texlive/texmf-dist/tex/latex/hyperref/hyperref-langpatches.def
File: hyperref-langpatches.def 2021-06-07 v7.00m Hyperref: patches for babel la
nguages
)
(/usr/share/texlive/texmf-dist/tex/generic/intcalc/intcalc.sty
Package: intcalc 2019/12/15 v1.3 Expandable calculations with integers (HO)
)
(/usr/share/texlive/texmf-dist/tex/generic/etexcmds/etexcmds.sty
Package: etexcmds 2019/12/15 v1.7 Avoid name clashes with e-TeX commands (HO)
)
\Hy@SavedSpaceFactor=\count300

(/usr/share/texlive/texmf-dist/tex/latex/hyperref/puenc.def
File: puenc.def 2021-06-07 v7.00m Hyperref: PDF Unicode definition (HO)
Now handling font encoding PU ...
... no UTF-8 mapping file for font encoding PU
)
Package hyperref Info: Option `colorlinks' set `true' on input line 4073.
Package hyperref Info: Hyper figures OFF on input line 4192.
Package hyperref Info: Link nesting OFF on input line 4197.
Package hyperref Info: Hyper index ON on input line 4200.
Package hyperref Info: Plain pages OFF on input line 4207.
Package hyperref Info: Backreferencing OFF on input line 4212.
Package hyperref Info: Implicit mode ON; LaTeX internals redefined.
Package hyperref Info: Bookmarks ON on input line 4445.
\c@Hy@tempcnt=\count301

(/usr/share/texlive/texmf-dist/tex/latex/url/url.sty
\Urlmuskip=\muskip17
Package: url 2013/09/16  ver 3.4  Verb mode for urls, etc.
)
LaTeX Info: Redefining \url on input line 4804.
\XeTeXLinkMargin=\dimen182

(/usr/share/texlive/texmf-dist/tex/generic/bitset/bitset.sty
Package: bitset 2019/12/09 v1.3 Handle bit-vector datatype (HO)

(/usr/share/texlive/texmf-dist/tex/generic/bigintcalc/bigintcalc.sty
Package: bigintcalc 2019/12/15 v1.5 Expandable calculations on big integers (HO
)
))
\Fld@menulength=\count302
\Field@Width=\dimen183
\Fld@charsize=\dimen184
Package hyperref Info: Hyper figures OFF on input line 6076.
Package hyperref Info: Link nesting OFF on input line 6081.
Package hyperref Info: Hyper index ON on input line 6084.
Package hyperref Info: backreferencing OFF on input line 6091.
Package hyperref Info: Link coloring ON on input line 6094.
Package hyperref Info: Link coloring with OCG OFF on input line 6101.
Package hyperref Info: PDF/A mode OFF on input line 6106.
LaTeX Info: Redefining \ref on input line 6146.
LaTeX Info: Redefining \pageref on input line 6150.

(/usr/share/texlive/texmf-dist/tex/latex/base/atbegshi-ltx.sty
Package: atbegshi-ltx 2021/01/10 v1.0c Emulation of the original atbegshi
package with kernel methods
)
\Hy@abspage=\count303
\c@Item=\count304
\c@Hfootnote=\count305
)
Package hyperref Info: Driver (autodetected): hpdftex.

(/usr/share/texlive/texmf-dist/tex/latex/hyperref/hpdftex.def
File: hpdftex.def 2021-06-07 v7.00m Hyperref driver for pdfTeX

(/usr/share/texlive/texmf-dist/tex/latex/base/atveryend-ltx.sty
Package: atveryend-ltx 2020/08/19 v1.0a Emulation of the original atveryend pac
kage
with kernel methods
)
\Fld@listcount=\count306
\c@bookmark@seq@number=\count307

(/usr/share/texlive/texmf-dist/tex/latex/rerunfilecheck/rerunfilecheck.sty
Package: rerunfilecheck 2019/12/05 v1.9 Rerun checks for auxiliary files (HO)

(/usr/share/texlive/texmf-dist/tex/generic/uniquecounter/uniquecounter.sty
Package: uniquecounter 2019/12/15 v1.4 Provide unlimited unique counter (HO)
)
Package uniquecounter Info: New unique counter `rerunfilecheck' on input line 2
86.
)
\Hy@SectionHShift=\skip79
)
(/usr/share/texlive/texmf-dist/tex/latex/hypernat/hypernat.sty
Package: hypernat 2001/07/09 v1.0b hyperref and natbib compatibility (jb)
))
Package translations Info: No language package found. I am going to use `englis
h' as default language. on input line 3.
 (./main.aux)
\openout1 = `main.aux'.

LaTeX Font Info:    Checking defaults for OML/cmm/m/it on input line 3.
LaTeX Font Info:    ... okay on input line 3.
LaTeX Font Info:    Checking defaults for OMS/cmsy/m/n on input line 3.
LaTeX Font Info:    ... okay on input line 3.
LaTeX Font Info:    Checking defaults for OT1/cmr/m/n on input line 3.
LaTeX Font Info:    ... okay on input line 3.
LaTeX Font Info:    Checking defaults for T1/cmr/m/n on input line 3.
LaTeX Font Info:    ... okay on input line 3.
LaTeX Font Info:    Checking defaults for TS1/cmr/m/n on input line 3.
LaTeX Font Info:    ... okay on input line 3.
LaTeX Font Info:    Checking defaults for OMX/cmex/m/n on input line 3.
LaTeX Font Info:    ... okay on input line 3.
LaTeX Font Info:    Checking defaults for U/cmr/m/n on input line 3.
LaTeX Font Info:    ... okay on input line 3.
LaTeX Font Info:    Checking defaults for PD1/pdf/m/n on input line 3.
LaTeX Font Info:    ... okay on input line 3.
LaTeX Font Info:    Checking defaults for PU/pdf/m/n on input line 3.
LaTeX Font Info:    ... okay on input line 3.

(/usr/share/texlive/texmf-dist/tex/context/base/mkii/supp-pdf.mkii
[Loading MPS to PDF converter (version 2006.09.02).]
\scratchcounter=\count308
\scratchdimen=\dimen185
\scratchbox=\box109
\nofMPsegments=\count309
\nofMParguments=\count310
\everyMPshowfont=\toks26
\MPscratchCnt=\count311
\MPscratchDim=\dimen186
\MPnumerator=\count312
\makeMPintoPDFobject=\count313
\everyMPtoPDFconversion=\toks27
) (/usr/share/texlive/texmf-dist/tex/latex/epstopdf-pkg/epstopdf-base.sty
Package: epstopdf-base 2020-01-24 v2.11 Base part for package epstopdf
Package epstopdf-base Info: Redefining graphics rule for `.eps' on input line 4
85.

(/usr/share/texlive/texmf-dist/tex/latex/latexconfig/epstopdf-sys.cfg
File: epstopdf-sys.cfg 2010/07/13 v1.3 Configuration of (r)epstopdf for TeX Liv
e
))
Package caption Info: Begin \AtBeginDocument code.
Package caption Info: float package is loaded.
Package caption Info: hyperref package is loaded.
Package caption Info: End \AtBeginDocument code.

*geometry* driver: auto-detecting
*geometry* detected driver: pdftex
*geometry* verbose mode - [ preamble ] result:
* driver: pdftex
* paper: <default>
* layout: <same size as paper>
* layoutoffset:(h,v)=(0.0pt,0.0pt)
* modes: 
* h-part:(L,W,R)=(36.135pt, 542.02501pt, 36.135pt)
* v-part:(T,H,B)=(36.135pt, 722.7pt, 36.135pt)
* \paperwidth=614.295pt
* \paperheight=794.96999pt
* \textwidth=542.02501pt
* \textheight=722.7pt
* \oddsidemargin=-36.135pt
* \evensidemargin=-36.135pt
* \topmargin=-73.135pt
* \headheight=12.0pt
* \headsep=25.0pt
* \topskip=10.0pt
* \footskip=30.0pt
* \marginparwidth=65.0pt
* \marginparsep=11.0pt
* \columnsep=10.0pt
* \skip\footins=9.0pt plus 4.0pt minus 2.0pt
* \hoffset=0.0pt
* \voffset=0.0pt
* \mag=1000
* \@twocolumnfalse
* \@twosidefalse
* \@mparswitchfalse
* \@reversemarginfalse
* (1in=72.27pt=25.4mm, 1cm=28.453pt)

LaTeX Info: Redefining \celsius on input line 3.
Package gensymb Info: Faking symbols for \degree and \celsius on input line 3.

Package gensymb Warning: Not defining \perthousand.

LaTeX Info: Redefining \ohm on input line 3.
Package gensymb Info: Using \Omega for \ohm on input line 3.

Package gensymb Warning: Not defining \micro.

(/usr/share/texlive/texmf-dist/tex/latex/graphics/color.sty
Package: color 2021/12/07 v1.3c Standard LaTeX Color (DPC)

(/usr/share/texlive/texmf-dist/tex/latex/graphics-cfg/color.cfg
File: color.cfg 2016/01/02 v1.6 sample color configuration
)
Package color Info: Driver file: pdftex.def on input line 149.
)
(/usr/share/texlive/texmf-dist/tex/latex/translations/translations-basic-dictio
nary-english.trsl
File: translations-basic-dictionary-english.trsl (english translation file `tra
nslations-basic-dictionary')
)
Package translations Info: loading dictionary `translations-basic-dictionary' f
or `english'. on input line 3.
Package hyperref Info: Link coloring ON on input line 3.

(/usr/share/texlive/texmf-dist/tex/latex/hyperref/nameref.sty
Package: nameref 2021-04-02 v2.47 Cross-referencing by name of section

(/usr/share/texlive/texmf-dist/tex/latex/refcount/refcount.sty
Package: refcount 2019/12/15 v3.6 Data extraction from label references (HO)
)
(/usr/share/texlive/texmf-dist/tex/generic/gettitlestring/gettitlestring.sty
Package: gettitlestring 2019/12/15 v1.6 Cleanup title references (HO)
)
\c@section@level=\count314
)
LaTeX Info: Redefining \ref on input line 3.
LaTeX Info: Redefining \pageref on input line 3.
LaTeX Info: Redefining \nameref on input line 3.

(./main.out) (./main.out)
\@outlinefile=\write3
\openout3 = `main.out'.


Overfull \hbox (15.14842pt too wide) in paragraph at lines 10--11
[]\OT1/cmr/m/n/20.74 Design of a Robot-Independent Tele-op-er-a-tion Sys-tem wi
th a Novel 
 []


Overfull \hbox (2.9768pt too wide) in paragraph at lines 44--48
\OT1/cmr/m/n/9 knowl-edge, this work presents the first re-al-iza-tion of an un
-grounded hap-tic de-vice ca-pa-ble of in-de-pen-dently pre-sent-ing six-dimens
ional 
 []

<figs/introduction/research_overview.png, id=158, 533.484pt x 615.171pt>
File: figs/introduction/research_overview.png Graphic file (type png)
<use figs/introduction/research_overview.png>
Package pdftex.def Info: figs/introduction/research_overview.png  used on input
 line 83.
(pdftex.def)             Requested size: 536.60773pt x 618.82094pt.

Overfull \hbox (4.14848pt too wide) in paragraph at lines 74--86
[]\OT1/cmr/m/n/12 Therefore, this study aims to de-velop a re-mote ma-nip-u-la-
tion sys-tem us-ing force feed-back to en-able robots 
 []

<vch-logo.png, id=160, 71.0655pt x 21.1992pt>
File: vch-logo.png Graphic file (type png)
<use vch-logo.png>
Package pdftex.def Info: vch-logo.png  used on input line 86.
(pdftex.def)             Requested size: 71.13188pt x 21.21951pt.

Package fancyhdr Warning: \headheight is too small (12.0pt): 
(fancyhdr)                Make it at least 24.81955pt, for example:
(fancyhdr)                \setlength{\headheight}{24.81955pt}.
(fancyhdr)                You might also make \topmargin smaller to compensate:

(fancyhdr)                \addtolength{\topmargin}{-12.81955pt}.

[1

{/var/lib/texmf/fonts/map/pdftex/updmap/pdftex.map} <./VCH-logo.png>]
File: vch-logo.png Graphic file (type png)
<use vch-logo.png>
Package pdftex.def Info: vch-logo.png  used on input line 87.
(pdftex.def)             Requested size: 71.13188pt x 21.21951pt.


Package fancyhdr Warning: \headheight is too small (12.0pt): 
(fancyhdr)                Make it at least 24.81955pt, for example:
(fancyhdr)                \setlength{\headheight}{24.81955pt}.
(fancyhdr)                You might also make \topmargin smaller to compensate:

(fancyhdr)                \addtolength{\topmargin}{-12.81955pt}.

[2]
File: vch-logo.png Graphic file (type png)
<use vch-logo.png>
Package pdftex.def Info: vch-logo.png  used on input line 93.
(pdftex.def)             Requested size: 71.13188pt x 21.21951pt.


Package fancyhdr Warning: \headheight is too small (12.0pt): 
(fancyhdr)                Make it at least 24.81955pt, for example:
(fancyhdr)                \setlength{\headheight}{24.81955pt}.
(fancyhdr)                You might also make \topmargin smaller to compensate:

(fancyhdr)                \addtolength{\topmargin}{-12.81955pt}.

[3 <./figs/introduction/research_overview.png>]
Overfull \hbox (18.57472pt too wide) in paragraph at lines 114--117
\OT1/cmr/m/n/12 quire the de-vice base to be grounded dur-ing op-er-a-tion. Suc
h de-vices have a lim-ited ma-nip-u-la-tion workspace, 
 []

<figs/introduction/devices_grounded.png, id=198, 215.715pt x 502.824pt>
File: figs/introduction/devices_grounded.png Graphic file (type png)
<use figs/introduction/devices_grounded.png>
Package pdftex.def Info: figs/introduction/devices_grounded.png  used on input 
line 120.
(pdftex.def)             Requested size: 325.2183pt x 758.16248pt.
File: vch-logo.png Graphic file (type png)
<use vch-logo.png>
Package pdftex.def Info: vch-logo.png  used on input line 124.
(pdftex.def)             Requested size: 71.13188pt x 21.21951pt.

Package fancyhdr Warning: \headheight is too small (12.0pt): 
(fancyhdr)                Make it at least 24.81955pt, for example:
(fancyhdr)                \setlength{\headheight}{24.81955pt}.
(fancyhdr)                You might also make \topmargin smaller to compensate:

(fancyhdr)                \addtolength{\topmargin}{-12.81955pt}.

[4]
Overfull \vbox (57.46248pt too high) has occurred while \output is active []

File: vch-logo.png Graphic file (type png)
<use vch-logo.png>
Package pdftex.def Info: vch-logo.png  used on input line 124.
(pdftex.def)             Requested size: 71.13188pt x 21.21951pt.


Package fancyhdr Warning: \headheight is too small (12.0pt): 
(fancyhdr)                Make it at least 24.81955pt, for example:
(fancyhdr)                \setlength{\headheight}{24.81955pt}.
(fancyhdr)                You might also make \topmargin smaller to compensate:

(fancyhdr)                \addtolength{\topmargin}{-12.81955pt}.

[5 <./figs/introduction/devices_grounded.png>]
<figs/introduction/devices_ungrounded.png, id=223, 593.928pt x 443.694pt>
File: figs/introduction/devices_ungrounded.png Graphic file (type png)
<use figs/introduction/devices_ungrounded.png>
Package pdftex.def Info: figs/introduction/devices_ungrounded.png  used on inpu
t line 140.
(pdftex.def)             Requested size: 536.60773pt x 400.90512pt.
File: vch-logo.png Graphic file (type png)
<use vch-logo.png>
Package pdftex.def Info: vch-logo.png  used on input line 151.
(pdftex.def)             Requested size: 71.13188pt x 21.21951pt.


Package fancyhdr Warning: \headheight is too small (12.0pt): 
(fancyhdr)                Make it at least 24.81955pt, for example:
(fancyhdr)                \setlength{\headheight}{24.81955pt}.
(fancyhdr)                You might also make \topmargin smaller to compensate:

(fancyhdr)                \addtolength{\topmargin}{-12.81955pt}.

[6 <./figs/introduction/devices_ungrounded.png>]
Overfull \hbox (8.71788pt too wide) in paragraph at lines 191--192
\OT1/cmr/m/n/12 This sec-tion de-scribes the de-sign method-ol-ogy of the pro-p
osed re-mote ma-nip-u-la-tion de-vice, which achieves 
 []

File: vch-logo.png Graphic file (type png)
<use vch-logo.png>
Package pdftex.def Info: vch-logo.png  used on input line 192.
(pdftex.def)             Requested size: 71.13188pt x 21.21951pt.

Package fancyhdr Warning: \headheight is too small (12.0pt): 
(fancyhdr)                Make it at least 24.81955pt, for example:
(fancyhdr)                \setlength{\headheight}{24.81955pt}.
(fancyhdr)                You might also make \topmargin smaller to compensate:

(fancyhdr)                \addtolength{\topmargin}{-12.81955pt}.

[7]
Overfull \hbox (2.186pt too wide) in paragraph at lines 212--216
\OT1/cmr/m/n/12 fi-cult to re-al-ize a fully un-grounded con-fig-u-ra-tion. In 
con-trast, thrust can gen-er-ate force in an un-grounded 
 []

<figs/device/device_overview.png, id=258, 536.112pt x 429.021pt>
File: figs/device/device_overview.png Graphic file (type png)
<use figs/device/device_overview.png>
Package pdftex.def Info: figs/device/device_overview.png  used on input line 23
6.
(pdftex.def)             Requested size: 487.8192pt x 390.38353pt.
File: vch-logo.png Graphic file (type png)
<use vch-logo.png>
Package pdftex.def Info: vch-logo.png  used on input line 240.
(pdftex.def)             Requested size: 71.13188pt x 21.21951pt.

Package fancyhdr Warning: \headheight is too small (12.0pt): 
(fancyhdr)                Make it at least 24.81955pt, for example:
(fancyhdr)                \setlength{\headheight}{24.81955pt}.
(fancyhdr)                You might also make \topmargin smaller to compensate:

(fancyhdr)                \addtolength{\topmargin}{-12.81955pt}.

[8]
LaTeX Font Info:    Trying to load font information for U+msa on input line 260
.
 (/usr/share/texlive/texmf-dist/tex/latex/amsfonts/umsa.fd
File: umsa.fd 2013/01/14 v3.01 AMS symbols A
)
LaTeX Font Info:    Trying to load font information for U+msb on input line 260
.

(/usr/share/texlive/texmf-dist/tex/latex/amsfonts/umsb.fd
File: umsb.fd 2013/01/14 v3.01 AMS symbols B
)
File: vch-logo.png Graphic file (type png)
<use vch-logo.png>
Package pdftex.def Info: vch-logo.png  used on input line 263.
(pdftex.def)             Requested size: 71.13188pt x 21.21951pt.


Package fancyhdr Warning: \headheight is too small (12.0pt): 
(fancyhdr)                Make it at least 24.81955pt, for example:
(fancyhdr)                \setlength{\headheight}{24.81955pt}.
(fancyhdr)                You might also make \topmargin smaller to compensate:

(fancyhdr)                \addtolength{\topmargin}{-12.81955pt}.

[9 <./figs/device/device_overview.png>]
<figs/device/control_line_graph_v3.png, id=279, 371.643pt x 383.031pt>
File: figs/device/control_line_graph_v3.png Graphic file (type png)
<use figs/device/control_line_graph_v3.png>
Package pdftex.def Info: figs/device/control_line_graph_v3.png  used on input l
ine 283.
(pdftex.def)             Requested size: 487.8192pt x 502.78539pt.

Underfull \hbox (badness 10000) in paragraph at lines 284--284
[]\OT1/cmr/m/n/10 Figure 5: |Top: Con-trol de-grees of free-dom of the pro-pose
d de-vice. The black lines in-di-cate the han-dle co-or-di-nate sys-tem
 []

File: vch-logo.png Graphic file (type png)
<use vch-logo.png>
Package pdftex.def Info: vch-logo.png  used on input line 287.
(pdftex.def)             Requested size: 71.13188pt x 21.21951pt.

Package fancyhdr Warning: \headheight is too small (12.0pt): 
(fancyhdr)                Make it at least 24.81955pt, for example:
(fancyhdr)                \setlength{\headheight}{24.81955pt}.
(fancyhdr)                You might also make \topmargin smaller to compensate:

(fancyhdr)                \addtolength{\topmargin}{-12.81955pt}.

[10]
<figs/device/thrust_image.png, id=290, 596.337pt x 287.766pt>
File: figs/device/thrust_image.png Graphic file (type png)
<use figs/device/thrust_image.png>
Package pdftex.def Info: figs/device/thrust_image.png  used on input line 290.
(pdftex.def)             Requested size: 487.8192pt x 235.4076pt.

Underfull \hbox (badness 10000) in paragraph at lines 291--291
[]\OT1/cmr/m/n/10 Figure 6: |Left: Thrust vec-tor rep-re-sented by de-flec-tion
 an-gles. Right: De-com-po-si-tion into three-dimensional vir-tual trans-
 []

File: vch-logo.png Graphic file (type png)
<use vch-logo.png>
Package pdftex.def Info: vch-logo.png  used on input line 294.
(pdftex.def)             Requested size: 71.13188pt x 21.21951pt.

Package fancyhdr Warning: \headheight is too small (12.0pt): 
(fancyhdr)                Make it at least 24.81955pt, for example:
(fancyhdr)                \setlength{\headheight}{24.81955pt}.
(fancyhdr)                You might also make \topmargin smaller to compensate:

(fancyhdr)                \addtolength{\topmargin}{-12.81955pt}.

[11 <./figs/device/control_line_graph_v3.png>]
File: vch-logo.png Graphic file (type png)
<use vch-logo.png>
Package pdftex.def Info: vch-logo.png  used on input line 343.
(pdftex.def)             Requested size: 71.13188pt x 21.21951pt.


Package fancyhdr Warning: \headheight is too small (12.0pt): 
(fancyhdr)                Make it at least 24.81955pt, for example:
(fancyhdr)                \setlength{\headheight}{24.81955pt}.
(fancyhdr)                You might also make \topmargin smaller to compensate:

(fancyhdr)                \addtolength{\topmargin}{-12.81955pt}.

[12 <./figs/device/thrust_image.png>]
File: vch-logo.png Graphic file (type png)
<use vch-logo.png>
Package pdftex.def Info: vch-logo.png  used on input line 436.
(pdftex.def)             Requested size: 71.13188pt x 21.21951pt.


Package fancyhdr Warning: \headheight is too small (12.0pt): 
(fancyhdr)                Make it at least 24.81955pt, for example:
(fancyhdr)                \setlength{\headheight}{24.81955pt}.
(fancyhdr)                You might also make \topmargin smaller to compensate:

(fancyhdr)                \addtolength{\topmargin}{-12.81955pt}.

[13]
Overfull \hbox (19.35805pt too wide) in paragraph at lines 442--443
\OT1/cmr/m/n/12 nents: gen-er-a-tion of con-trol com-mands for the robot, gen-e
r-a-tion of feed-back wrenches based on the wrenches 
 []


Overfull \hbox (2.28185pt too wide) in paragraph at lines 444--446
\OT1/cmr/m/n/12 gen-er-at-ing the feed-back wrench is pre-sented. A schematic o
f the pro-posed ar-chi-tec-ture is shown in Fig. [][]7[][].  
 []

<figs/architecture/block_diagram_full.png, id=332, 647.583pt x 324.777pt>
File: figs/architecture/block_diagram_full.png Graphic file (type png)
<use figs/architecture/block_diagram_full.png>
Package pdftex.def Info: figs/architecture/block_diagram_full.png  used on inpu
t line 449.
(pdftex.def)             Requested size: 542.02501pt x 271.84444pt.

Underfull \hbox (badness 10000) in paragraph at lines 452--452
[]\OT1/cmr/m/n/10 Figure 7: |Block di-a-gram of the pro-posed tele-op-er-a-tion
 ar-chi-tec-ture. De-tails of the \Op-er-at-ing Com-mand Gen-er-a-tor" are
 []

<figs/architecture/operating_command_generation.png, id=337, 709.779pt x 571.80
9pt>
File: figs/architecture/operating_command_generation.png Graphic file (type png
)
<use figs/architecture/operating_command_generation.png>
Package pdftex.def Info: figs/architecture/operating_command_generation.png  us
ed on input line 460.
(pdftex.def)             Requested size: 542.02501pt x 436.67337pt.
File: vch-logo.png Graphic file (type png)
<use vch-logo.png>
Package pdftex.def Info: vch-logo.png  used on input line 464.
(pdftex.def)             Requested size: 71.13188pt x 21.21951pt.

Package fancyhdr Warning: \headheight is too small (12.0pt): 
(fancyhdr)                Make it at least 24.81955pt, for example:
(fancyhdr)                \setlength{\headheight}{24.81955pt}.
(fancyhdr)                You might also make \topmargin smaller to compensate:

(fancyhdr)                \addtolength{\topmargin}{-12.81955pt}.

[14 <./figs/architecture/block_diagram_full.png>]
File: vch-logo.png Graphic file (type png)
<use vch-logo.png>
Package pdftex.def Info: vch-logo.png  used on input line 481.
(pdftex.def)             Requested size: 71.13188pt x 21.21951pt.


Package fancyhdr Warning: \headheight is too small (12.0pt): 
(fancyhdr)                Make it at least 24.81955pt, for example:
(fancyhdr)                \setlength{\headheight}{24.81955pt}.
(fancyhdr)                You might also make \topmargin smaller to compensate:

(fancyhdr)                \addtolength{\topmargin}{-12.81955pt}.

[15 <./figs/architecture/operating_command_generation.png>]
<figs/architecture/feedback_wrench_generation.png, id=355, 709.779pt x 686.784p
t>
File: figs/architecture/feedback_wrench_generation.png Graphic file (type png)
<use figs/architecture/feedback_wrench_generation.png>
Package pdftex.def Info: figs/architecture/feedback_wrench_generation.png  used
 on input line 530.
(pdftex.def)             Requested size: 542.02501pt x 524.47633pt.
File: vch-logo.png Graphic file (type png)
<use vch-logo.png>
Package pdftex.def Info: vch-logo.png  used on input line 534.
(pdftex.def)             Requested size: 71.13188pt x 21.21951pt.


Package fancyhdr Warning: \headheight is too small (12.0pt): 
(fancyhdr)                Make it at least 24.81955pt, for example:
(fancyhdr)                \setlength{\headheight}{24.81955pt}.
(fancyhdr)                You might also make \topmargin smaller to compensate:

(fancyhdr)                \addtolength{\topmargin}{-12.81955pt}.

[16]
File: vch-logo.png Graphic file (type png)
<use vch-logo.png>
Package pdftex.def Info: vch-logo.png  used on input line 549.
(pdftex.def)             Requested size: 71.13188pt x 21.21951pt.


Package fancyhdr Warning: \headheight is too small (12.0pt): 
(fancyhdr)                Make it at least 24.81955pt, for example:
(fancyhdr)                \setlength{\headheight}{24.81955pt}.
(fancyhdr)                You might also make \topmargin smaller to compensate:

(fancyhdr)                \addtolength{\topmargin}{-12.81955pt}.

[17 <./figs/architecture/feedback_wrench_generation.png>]
File: vch-logo.png Graphic file (type png)
<use vch-logo.png>
Package pdftex.def Info: vch-logo.png  used on input line 612.
(pdftex.def)             Requested size: 71.13188pt x 21.21951pt.


Package fancyhdr Warning: \headheight is too small (12.0pt): 
(fancyhdr)                Make it at least 24.81955pt, for example:
(fancyhdr)                \setlength{\headheight}{24.81955pt}.
(fancyhdr)                You might also make \topmargin smaller to compensate:

(fancyhdr)                \addtolength{\topmargin}{-12.81955pt}.

[18]

LaTeX Warning: Reference `chap:introduction' on page 19 undefined on input line
 616.

<figs/experiment_device/device_picture.png, id=387, 712.626pt x 578.598pt>
File: figs/experiment_device/device_picture.png Graphic file (type png)
<use figs/experiment_device/device_picture.png>
Package pdftex.def Info: figs/experiment_device/device_picture.png  used on inp
ut line 642.
(pdftex.def)             Requested size: 542.02501pt x 440.11868pt.

Underfull \hbox (badness 10000) in paragraph at lines 646--646
[]\OT1/cmr/m/n/10 Figure 10: |Snap-shot of the pro-to-type of the pro-posed tel
e-op-er-a-tion de-vice. (a) is the whole view. (b) is the con-troller unit.
 []

File: vch-logo.png Graphic file (type png)
<use vch-logo.png>
Package pdftex.def Info: vch-logo.png  used on input line 649.
(pdftex.def)             Requested size: 71.13188pt x 21.21951pt.

Package fancyhdr Warning: \headheight is too small (12.0pt): 
(fancyhdr)                Make it at least 24.81955pt, for example:
(fancyhdr)                \setlength{\headheight}{24.81955pt}.
(fancyhdr)                You might also make \topmargin smaller to compensate:

(fancyhdr)                \addtolength{\topmargin}{-12.81955pt}.

[19]
<figs/experiment_device/communication_system.png, id=397, 436.686pt x 457.272pt
>
File: figs/experiment_device/communication_system.png Graphic file (type png)
<use figs/experiment_device/communication_system.png>
Package pdftex.def Info: figs/experiment_device/communication_system.png  used 
on input line 667.
(pdftex.def)             Requested size: 542.02501pt x 567.65335pt.
File: vch-logo.png Graphic file (type png)
<use vch-logo.png>
Package pdftex.def Info: vch-logo.png  used on input line 671.
(pdftex.def)             Requested size: 71.13188pt x 21.21951pt.


Package fancyhdr Warning: \headheight is too small (12.0pt): 
(fancyhdr)                Make it at least 24.81955pt, for example:
(fancyhdr)                \setlength{\headheight}{24.81955pt}.
(fancyhdr)                You might also make \topmargin smaller to compensate:

(fancyhdr)                \addtolength{\topmargin}{-12.81955pt}.

[20 <./figs/experiment_device/device_picture.png>]
File: vch-logo.png Graphic file (type png)
<use vch-logo.png>
Package pdftex.def Info: vch-logo.png  used on input line 680.
(pdftex.def)             Requested size: 71.13188pt x 21.21951pt.


Package fancyhdr Warning: \headheight is too small (12.0pt): 
(fancyhdr)                Make it at least 24.81955pt, for example:
(fancyhdr)                \setlength{\headheight}{24.81955pt}.
(fancyhdr)                You might also make \topmargin smaller to compensate:

(fancyhdr)                \addtolength{\topmargin}{-12.81955pt}.

[21 <./figs/experiment_device/communication_system.png>]
<figs/experiment_device/device_experiment_overview.png, id=411, 628.53pt x 349.
743pt>
File: figs/experiment_device/device_experiment_overview.png Graphic file (type 
png)
<use figs/experiment_device/device_experiment_overview.png>
Package pdftex.def Info: figs/experiment_device/device_experiment_overview.png 
 used on input line 690.
(pdftex.def)             Requested size: 542.02501pt x 301.61629pt.

Underfull \hbox (badness 10000) in paragraph at lines 693--693
[]\OT1/cmr/m/n/10 Figure 12: |Snap-shot of the wrench ver-i-fi-ca-tion ex-per-i
-ment for the re-mote con-trol de-vice. The white ar-row in-di-cates the
 []

<figs/experiment_device/device_wrench_plot_all.png, id=414, 451.9284pt x 487.58
16pt>
File: figs/experiment_device/device_wrench_plot_all.png Graphic file (type png)

<use figs/experiment_device/device_wrench_plot_all.png>
Package pdftex.def Info: figs/experiment_device/device_wrench_plot_all.png  use
d on input line 703.
(pdftex.def)             Requested size: 542.02501pt x 584.84949pt.

Underfull \hbox (badness 10000) in paragraph at lines 705--705
[]\OT1/cmr/m/n/10 Figure 13: |Re-sults of the wrench out-put ver-i-fi-ca-tion e
x-per-i-ment. The blue dashed line in-di-cates the tar-get wrench, and the
 []

File: vch-logo.png Graphic file (type png)
<use vch-logo.png>
Package pdftex.def Info: vch-logo.png  used on input line 708.
(pdftex.def)             Requested size: 71.13188pt x 21.21951pt.

Package fancyhdr Warning: \headheight is too small (12.0pt): 
(fancyhdr)                Make it at least 24.81955pt, for example:
(fancyhdr)                \setlength{\headheight}{24.81955pt}.
(fancyhdr)                You might also make \topmargin smaller to compensate:

(fancyhdr)                \addtolength{\topmargin}{-12.81955pt}.

[22 <./figs/experiment_device/device_experiment_overview.png>]
File: vch-logo.png Graphic file (type png)
<use vch-logo.png>
Package pdftex.def Info: vch-logo.png  used on input line 724.
(pdftex.def)             Requested size: 71.13188pt x 21.21951pt.


Package fancyhdr Warning: \headheight is too small (12.0pt): 
(fancyhdr)                Make it at least 24.81955pt, for example:
(fancyhdr)                \setlength{\headheight}{24.81955pt}.
(fancyhdr)                You might also make \topmargin smaller to compensate:

(fancyhdr)                \addtolength{\topmargin}{-12.81955pt}.

[23 <./figs/experiment_device/device_wrench_plot_all.png>]
Overfull \hbox (1.72906pt too wide) in paragraph at lines 725--730
[]\OT1/cmr/m/n/12 In ad-di-tion, small spikes are ob-served in each wrench com-
po-nent at the mo-ments when the tar-get wrench 
 []


Overfull \hbox (4.27904pt too wide) in paragraph at lines 725--730
\OT1/cmr/m/n/12 vari-a-tion caused by changes in ro-tor speed and (ii) the an-g
u-lar mo-tion of the de-flec-tion mech-a-nism driven 
 []


Overfull \hbox (7.79568pt too wide) in paragraph at lines 743--748
\OT1/cmr/m/n/12 moved and a USB cam-era added. Be-cause the robot is fully ac-t
u-ated, hor-i-zon-tal trans-la-tion and roll/pitch 
 []

<figs/beatle_obstacle/beatle_picture.png, id=434, 439.314pt x 550.785pt>
File: figs/beatle_obstacle/beatle_picture.png Graphic file (type png)
<use figs/beatle_obstacle/beatle_picture.png>
Package pdftex.def Info: figs/beatle_obstacle/beatle_picture.png  used on input
 line 751.
(pdftex.def)             Requested size: 487.8192pt x 611.59709pt.
File: vch-logo.png Graphic file (type png)
<use vch-logo.png>
Package pdftex.def Info: vch-logo.png  used on input line 758.
(pdftex.def)             Requested size: 71.13188pt x 21.21951pt.

Package fancyhdr Warning: \headheight is too small (12.0pt): 
(fancyhdr)                Make it at least 24.81955pt, for example:
(fancyhdr)                \setlength{\headheight}{24.81955pt}.
(fancyhdr)                You might also make \topmargin smaller to compensate:

(fancyhdr)                \addtolength{\topmargin}{-12.81955pt}.

[24]
File: vch-logo.png Graphic file (type png)
<use vch-logo.png>
Package pdftex.def Info: vch-logo.png  used on input line 774.
(pdftex.def)             Requested size: 71.13188pt x 21.21951pt.


Package fancyhdr Warning: \headheight is too small (12.0pt): 
(fancyhdr)                Make it at least 24.81955pt, for example:
(fancyhdr)                \setlength{\headheight}{24.81955pt}.
(fancyhdr)                You might also make \topmargin smaller to compensate:

(fancyhdr)                \addtolength{\topmargin}{-12.81955pt}.

[25 <./figs/beatle_obstacle/beatle_picture.png>]
Overfull \hbox (7.33875pt too wide) in paragraph at lines 788--792
\OT1/cmr/m/n/12 placed near the op-er-a-tor. The ground PC dis-played real-time
 video cap-tured by the USB cam-era mounted 
 []


Overfull \hbox (15.89836pt too wide) in paragraph at lines 788--792
\OT1/cmr/m/n/12 re-al-is-tic re-mote op-er-a-tion sce-nario in which the op-er-
a-tor is phys-i-cally sep-a-rated from the robot's workspace.  
 []

<figs/beatle_obstacle/beatle_obstacle_overview.png, id=452, 884.322pt x 487.494
pt>
File: figs/beatle_obstacle/beatle_obstacle_overview.png Graphic file (type png)

<use figs/beatle_obstacle/beatle_obstacle_overview.png>
Package pdftex.def Info: figs/beatle_obstacle/beatle_obstacle_overview.png  use
d on input line 809.
(pdftex.def)             Requested size: 514.9221pt x 283.85506pt.

Underfull \hbox (badness 10000) in paragraph at lines 814--814
[]\OT1/cmr/m/n/10 Figure 15: |Snap-shot of the ob-sta-cle avoid-ance ex-per-i-m
ent. The bottom-left im-age shows the first-person view from the
 []


Underfull \hbox (badness 10000) in paragraph at lines 814--814
\OT1/cmr/m/n/10 on-board cam-era. The op-er-a-tor ma-neu-vered the robot based 
on this view. The red lines in-di-cate ob-sta-cles, and the robot
 []

File: vch-logo.png Graphic file (type png)
<use vch-logo.png>
Package pdftex.def Info: vch-logo.png  used on input line 817.
(pdftex.def)             Requested size: 71.13188pt x 21.21951pt.

Package fancyhdr Warning: \headheight is too small (12.0pt): 
(fancyhdr)                Make it at least 24.81955pt, for example:
(fancyhdr)                \setlength{\headheight}{24.81955pt}.
(fancyhdr)                You might also make \topmargin smaller to compensate:

(fancyhdr)                \addtolength{\topmargin}{-12.81955pt}.

[26]
<figs/beatle_obstacle/beatle_obstacle_topview.png, id=458, 957.03pt x 502.167pt
>
File: figs/beatle_obstacle/beatle_obstacle_topview.png Graphic file (type png)
<use figs/beatle_obstacle/beatle_obstacle_topview.png>
Package pdftex.def Info: figs/beatle_obstacle/beatle_obstacle_topview.png  used
 on input line 820.
(pdftex.def)             Requested size: 514.9221pt x 270.19301pt.
<figs/beatle_obstacle/beatle_obstacle_plot.png, id=463, 503.481pt x 557.136pt>
File: figs/beatle_obstacle/beatle_obstacle_plot.png Graphic file (type png)
<use figs/beatle_obstacle/beatle_obstacle_plot.png>
Package pdftex.def Info: figs/beatle_obstacle/beatle_obstacle_plot.png  used on
 input line 832.
(pdftex.def)             Requested size: 542.02501pt x 599.83615pt.

Underfull \hbox (badness 10000) in paragraph at lines 835--835
[]\OT1/cmr/m/n/10 Figure 17: |Left: Tar-get and mea-sured robot tra-jec-to-ries
. The red line in-di-cates ob-sta-cles, and the black dashed line rep-
 []


Underfull \hbox (badness 10000) in paragraph at lines 835--835
\OT1/cmr/m/n/10 re-sents the ideal tra-jec-tory that max-i-mizes the dis-tance 
from the wall. Right: Feed-back wrench pre-sented to the op-er-a-tor
 []

File: vch-logo.png Graphic file (type png)
<use vch-logo.png>
Package pdftex.def Info: vch-logo.png  used on input line 838.
(pdftex.def)             Requested size: 71.13188pt x 21.21951pt.

Package fancyhdr Warning: \headheight is too small (12.0pt): 
(fancyhdr)                Make it at least 24.81955pt, for example:
(fancyhdr)                \setlength{\headheight}{24.81955pt}.
(fancyhdr)                You might also make \topmargin smaller to compensate:

(fancyhdr)                \addtolength{\topmargin}{-12.81955pt}.

[27 <./figs/beatle_obstacle/beatle_obstacle_overview.png> <./figs/beatle_obstac
le/beatle_obstacle_topview.png>]
File: vch-logo.png Graphic file (type png)
<use vch-logo.png>
Package pdftex.def Info: vch-logo.png  used on input line 850.
(pdftex.def)             Requested size: 71.13188pt x 21.21951pt.


Package fancyhdr Warning: \headheight is too small (12.0pt): 
(fancyhdr)                Make it at least 24.81955pt, for example:
(fancyhdr)                \setlength{\headheight}{24.81955pt}.
(fancyhdr)                You might also make \topmargin smaller to compensate:

(fancyhdr)                \addtolength{\topmargin}{-12.81955pt}.

[28 <./figs/beatle_obstacle/beatle_obstacle_plot.png>]
Overfull \hbox (0.74924pt too wide) in paragraph at lines 854--856
\OT1/cmr/m/n/12 [0\OML/cmm/m/it/12 ; L\OT1/cmr/m/n/12 ]$, and let the mea-sured
 tra-jec-tory be $\OMS/cmsy/m/n/12 f\OML/cmm/b/it/12 x[]\OMS/cmsy/m/n/12 g[]$\O
T1/cmr/m/n/12 . The clos-est point on the ideal tra-jec-tory to each mea- 
 []


Overfull \hbox (18.70111pt too wide) in paragraph at lines 875--877
\OT1/cmr/m/n/12 in [][]17[][], the tra-jec-tory un-der con-di-tion (A) fol-lows
 the ideal path (black dashed line) with os-cil-la-tions, whereas 
 []

File: vch-logo.png Graphic file (type png)
<use vch-logo.png>
Package pdftex.def Info: vch-logo.png  used on input line 895.
(pdftex.def)             Requested size: 71.13188pt x 21.21951pt.

Package fancyhdr Warning: \headheight is too small (12.0pt): 
(fancyhdr)                Make it at least 24.81955pt, for example:
(fancyhdr)                \setlength{\headheight}{24.81955pt}.
(fancyhdr)                You might also make \topmargin smaller to compensate:

(fancyhdr)                \addtolength{\topmargin}{-12.81955pt}.

[29]
<figs/beatle_painting/beatle_with_brush.png, id=500, 634.443pt x 414.129pt>
File: figs/beatle_painting/beatle_with_brush.png Graphic file (type png)
<use figs/beatle_painting/beatle_with_brush.png>
Package pdftex.def Info: figs/beatle_painting/beatle_with_brush.png  used on in
put line 898.
(pdftex.def)             Requested size: 433.62166pt x 283.04474pt.
<figs/beatle_painting/wall_overview.png, id=501, 330.252pt x 411.063pt>
File: figs/beatle_painting/wall_overview.png Graphic file (type png)
<use figs/beatle_painting/wall_overview.png>
Package pdftex.def Info: figs/beatle_painting/wall_overview.png  used on input 
line 906.
(pdftex.def)             Requested size: 298.1154pt x 371.06348pt.
File: vch-logo.png Graphic file (type png)
<use vch-logo.png>
Package pdftex.def Info: vch-logo.png  used on input line 911.
(pdftex.def)             Requested size: 71.13188pt x 21.21951pt.


Package fancyhdr Warning: \headheight is too small (12.0pt): 
(fancyhdr)                Make it at least 24.81955pt, for example:
(fancyhdr)                \setlength{\headheight}{24.81955pt}.
(fancyhdr)                You might also make \topmargin smaller to compensate:

(fancyhdr)                \addtolength{\topmargin}{-12.81955pt}.

[30 <./figs/beatle_painting/beatle_with_brush.png>]
Overfull \hbox (0.35825pt too wide) in paragraph at lines 914--918
\OT1/cmr/m/n/12 sheet of pa-per that turns black when wet was fixed to the whit
e-board. When con-tacted by the wet brush 
 []


Overfull \hbox (1.97075pt too wide) in paragraph at lines 922--926
[]\OT1/cmr/m/n/12 As in the pre-vi-ous ex-per-i-ments, a Ground PC was placed n
ear the op-er-a-tor and dis-played real-time video 
 []

<figs/beatle_painting/beatle_painting_overview.png, id=510, 935.568pt x 448.95p
t>
File: figs/beatle_painting/beatle_painting_overview.png Graphic file (type png)

<use figs/beatle_painting/beatle_painting_overview.png>
Package pdftex.def Info: figs/beatle_painting/beatle_painting_overview.png  use
d on input line 938.
(pdftex.def)             Requested size: 514.9221pt x 247.09451pt.

Underfull \hbox (badness 10000) in paragraph at lines 942--942
[]\OT1/cmr/m/n/10 Figure 20: |Snap-shots of the paint-ing ex-per-i-ment us-ing 
the aerial robot. The im-age at the lower cen-ter shows the view from
 []


Underfull \hbox (badness 10000) in paragraph at lines 942--942
\OT1/cmr/m/n/10 the cam-era mounted on the robot, which was used by the op-er-a
-tor for con-trol. The red line on the wall sur-face in-di-cates
 []

File: vch-logo.png Graphic file (type png)
<use vch-logo.png>
Package pdftex.def Info: vch-logo.png  used on input line 945.
(pdftex.def)             Requested size: 71.13188pt x 21.21951pt.

Package fancyhdr Warning: \headheight is too small (12.0pt): 
(fancyhdr)                Make it at least 24.81955pt, for example:
(fancyhdr)                \setlength{\headheight}{24.81955pt}.
(fancyhdr)                You might also make \topmargin smaller to compensate:

(fancyhdr)                \addtolength{\topmargin}{-12.81955pt}.

[31 <./figs/beatle_painting/wall_overview.png>]
<figs/beatle_painting/beatle_painting_wallview.png, id=518, 692.259pt x 391.134
pt>
File: figs/beatle_painting/beatle_painting_wallview.png Graphic file (type png)

<use figs/beatle_painting/beatle_painting_wallview.png>
Package pdftex.def Info: figs/beatle_painting/beatle_painting_wallview.png  use
d on input line 948.
(pdftex.def)             Requested size: 514.9221pt x 290.93861pt.

Underfull \hbox (badness 10000) in paragraph at lines 951--951
[]\OT1/cmr/m/n/10 Figure 21: |Snap-shot of the robot dur-ing the ex-per-i-ment.
 The robot moved in the di-rec-tion in-di-cated by the blue ar-row
 []

<figs/beatle_painting/beatle_painting_result_wall.png, id=523, 337.917pt x 356.
97pt>
File: figs/beatle_painting/beatle_painting_result_wall.png Graphic file (type p
ng)
<use figs/beatle_painting/beatle_painting_result_wall.png>
Package pdftex.def Info: figs/beatle_painting/beatle_painting_result_wall.png  
used on input line 960.
(pdftex.def)             Requested size: 542.02501pt x 572.65611pt.

Underfull \hbox (badness 10000) in paragraph at lines 965--965
[]\OT1/cmr/m/n/10 Figure 22: |Im-ages of the wall sur-face. Top: Wall sur-face 
be-fore paint-ing. The area out-lined in green in-di-cates the eval-u-a-
 []


Underfull \hbox (badness 10000) in paragraph at lines 965--965
\OT1/cmr/m/n/10 tion re-gion. Mid-dle: Wall sur-face af-ter paint-ing un-der ea
ch ex-per-i-men-tal con-di-tion. Bot-tom: Bi-na-rized im-age show-ing the
 []


Underfull \hbox (badness 10000) in paragraph at lines 965--965
\OT1/cmr/m/n/10 dif-fer-ence be-fore and af-ter paint-ing. The mean lat-eral di
s-tance and an-gu-lar de-vi-a-tion were cal-cu-lated from this bi-na-rized
 []

File: vch-logo.png Graphic file (type png)
<use vch-logo.png>
Package pdftex.def Info: vch-logo.png  used on input line 968.
(pdftex.def)             Requested size: 71.13188pt x 21.21951pt.

Package fancyhdr Warning: \headheight is too small (12.0pt): 
(fancyhdr)                Make it at least 24.81955pt, for example:
(fancyhdr)                \setlength{\headheight}{24.81955pt}.
(fancyhdr)                You might also make \topmargin smaller to compensate:

(fancyhdr)                \addtolength{\topmargin}{-12.81955pt}.

[32 <./figs/beatle_painting/beatle_painting_overview.png> <./figs/beatle_painti
ng/beatle_painting_wallview.png>]
File: vch-logo.png Graphic file (type png)
<use vch-logo.png>
Package pdftex.def Info: vch-logo.png  used on input line 981.
(pdftex.def)             Requested size: 71.13188pt x 21.21951pt.


Package fancyhdr Warning: \headheight is too small (12.0pt): 
(fancyhdr)                Make it at least 24.81955pt, for example:
(fancyhdr)                \setlength{\headheight}{24.81955pt}.
(fancyhdr)                You might also make \topmargin smaller to compensate:

(fancyhdr)                \addtolength{\topmargin}{-12.81955pt}.

[33 <./figs/beatle_painting/beatle_painting_result_wall.png>]
<figs/beatle_painting/beatle_painting_result_plot.png, id=542, 426.174pt x 519.
249pt>
File: figs/beatle_painting/beatle_painting_result_plot.png Graphic file (type p
ng)
<use figs/beatle_painting/beatle_painting_result_plot.png>
Package pdftex.def Info: figs/beatle_painting/beatle_painting_result_plot.png  
used on input line 995.
(pdftex.def)             Requested size: 542.02501pt x 660.46889pt.

Underfull \hbox (badness 10000) in paragraph at lines 997--997
[]\OT1/cmr/m/n/10 Figure 23: |Time his-to-ries of the wrench dur-ing the ex-per
-i-ment. From top to bot-tom: mea-sured force at the robot, feed-
 []

File: vch-logo.png Graphic file (type png)
<use vch-logo.png>
Package pdftex.def Info: vch-logo.png  used on input line 1000.
(pdftex.def)             Requested size: 71.13188pt x 21.21951pt.

Package fancyhdr Warning: \headheight is too small (12.0pt): 
(fancyhdr)                Make it at least 24.81955pt, for example:
(fancyhdr)                \setlength{\headheight}{24.81955pt}.
(fancyhdr)                You might also make \topmargin smaller to compensate:

(fancyhdr)                \addtolength{\topmargin}{-12.81955pt}.

[34]
File: vch-logo.png Graphic file (type png)
<use vch-logo.png>
Package pdftex.def Info: vch-logo.png  used on input line 1005.
(pdftex.def)             Requested size: 71.13188pt x 21.21951pt.


Package fancyhdr Warning: \headheight is too small (12.0pt): 
(fancyhdr)                Make it at least 24.81955pt, for example:
(fancyhdr)                \setlength{\headheight}{24.81955pt}.
(fancyhdr)                You might also make \topmargin smaller to compensate:

(fancyhdr)                \addtolength{\topmargin}{-12.81955pt}.

[35 <./figs/beatle_painting/beatle_painting_result_plot.png>]
<figs/me6_painting/me6_picture.png, id=556, 246.813pt x 405.369pt>
File: figs/me6_painting/me6_picture.png Graphic file (type png)
<use figs/me6_painting/me6_picture.png>
Package pdftex.def Info: figs/me6_painting/me6_picture.png  used on input line 
1021.
(pdftex.def)             Requested size: 216.80669pt x 356.10728pt.

Underfull \hbox (badness 10000) in paragraph at lines 1023--1023
[]\OT1/cmr/m/n/10 Figure 24: |Snap-shot of the base-fixed multi-link robot used
 in the ex-per-i-ment. A force/torque sen-sor and a brush are at-
 []

File: vch-logo.png Graphic file (type png)
<use vch-logo.png>
Package pdftex.def Info: vch-logo.png  used on input line 1039.
(pdftex.def)             Requested size: 71.13188pt x 21.21951pt.

Package fancyhdr Warning: \headheight is too small (12.0pt): 
(fancyhdr)                Make it at least 24.81955pt, for example:
(fancyhdr)                \setlength{\headheight}{24.81955pt}.
(fancyhdr)                You might also make \topmargin smaller to compensate:

(fancyhdr)                \addtolength{\topmargin}{-12.81955pt}.

[36 <./figs/me6_painting/me6_picture.png>]
Overfull \hbox (0.32353pt too wide) in paragraph at lines 1040--1045
\OT1/cmr/m/n/12 The base-fixed multi-link robot used in this ex-per-i-ment is s
hown in [][]24[][]. The robot is a Ma-gi-cian E6 man- 
 []

<figs/me6_painting/me6_painting_overview.png, id=572, 738.03pt x 476.763pt>
File: figs/me6_painting/me6_painting_overview.png Graphic file (type png)
<use figs/me6_painting/me6_painting_overview.png>
Package pdftex.def Info: figs/me6_painting/me6_painting_overview.png  used on i
nput line 1058.
(pdftex.def)             Requested size: 542.02501pt x 350.15106pt.

Underfull \hbox (badness 10000) in paragraph at lines 1062--1062
[]\OT1/cmr/m/n/10 Figure 25: |Snap-shot of the paint-ing ex-per-i-ment us-ing t
he robotic arm. The im-age at the lower cen-ter shows the view from
 []


Underfull \hbox (badness 10000) in paragraph at lines 1062--1062
\OT1/cmr/m/n/10 the cam-era mounted on the robot, which was used by the op-er-a
-tor for con-trol. The red line on the wall sur-face in-di-cates
 []

<figs/me6_painting/me6_painting_wallview.png, id=573, 608.601pt x 457.053pt>
File: figs/me6_painting/me6_painting_wallview.png Graphic file (type png)
<use figs/me6_painting/me6_painting_wallview.png>
Package pdftex.def Info: figs/me6_painting/me6_painting_wallview.png  used on i
nput line 1068.
(pdftex.def)             Requested size: 542.02501pt x 407.07578pt.

Underfull \hbox (badness 10000) in paragraph at lines 1071--1071
[]\OT1/cmr/m/n/10 Figure 26: |Snap-shot of the robot dur-ing the ex-per-i-ment.
 The robot moved in the di-rec-tion in-di-cated by the blue ar-row
 []

File: vch-logo.png Graphic file (type png)
<use vch-logo.png>
Package pdftex.def Info: vch-logo.png  used on input line 1074.
(pdftex.def)             Requested size: 71.13188pt x 21.21951pt.

Package fancyhdr Warning: \headheight is too small (12.0pt): 
(fancyhdr)                Make it at least 24.81955pt, for example:
(fancyhdr)                \setlength{\headheight}{24.81955pt}.
(fancyhdr)                You might also make \topmargin smaller to compensate:

(fancyhdr)                \addtolength{\topmargin}{-12.81955pt}.

[37 <./figs/me6_painting/me6_painting_overview.png>]
<figs/me6_painting/me6_painting_result_wall.png, id=586, 337.26pt x 361.788pt>
File: figs/me6_painting/me6_painting_result_wall.png Graphic file (type png)
<use figs/me6_painting/me6_painting_result_wall.png>
Package pdftex.def Info: figs/me6_painting/me6_painting_result_wall.png  used o
n input line 1088.
(pdftex.def)             Requested size: 542.02501pt x 581.45616pt.

Underfull \hbox (badness 10000) in paragraph at lines 1093--1093
[]\OT1/cmr/m/n/10 Figure 27: |Im-ages of the wall sur-face. Top: Wall sur-face 
be-fore paint-ing. The area out-lined in green in-di-cates the eval-u-a-
 []


Underfull \hbox (badness 10000) in paragraph at lines 1093--1093
\OT1/cmr/m/n/10 tion re-gion. Mid-dle: Wall sur-face af-ter paint-ing un-der ea
ch ex-per-i-men-tal con-di-tion. Bot-tom: Bi-na-rized im-age show-ing the
 []


Underfull \hbox (badness 10000) in paragraph at lines 1093--1093
\OT1/cmr/m/n/10 dif-fer-ence be-fore and af-ter paint-ing. The mean lat-eral di
s-tance and an-gu-lar de-vi-a-tion were cal-cu-lated from this bi-na-rized
 []

File: vch-logo.png Graphic file (type png)
<use vch-logo.png>
Package pdftex.def Info: vch-logo.png  used on input line 1096.
(pdftex.def)             Requested size: 71.13188pt x 21.21951pt.

Package fancyhdr Warning: \headheight is too small (12.0pt): 
(fancyhdr)                Make it at least 24.81955pt, for example:
(fancyhdr)                \setlength{\headheight}{24.81955pt}.
(fancyhdr)                You might also make \topmargin smaller to compensate:

(fancyhdr)                \addtolength{\topmargin}{-12.81955pt}.

[38 <./figs/me6_painting/me6_painting_wallview.png>]
<figs/me6_painting/me6_painting_result_plot.png, id=592, 441.066pt x 536.988pt>

File: figs/me6_painting/me6_painting_result_plot.png Graphic file (type png)
<use figs/me6_painting/me6_painting_result_plot.png>
Package pdftex.def Info: figs/me6_painting/me6_painting_result_plot.png  used o
n input line 1099.
(pdftex.def)             Requested size: 542.02501pt x 659.90137pt.

Underfull \hbox (badness 10000) in paragraph at lines 1101--1101
[]\OT1/cmr/m/n/10 Figure 28: |Time his-to-ries of the wrench dur-ing the ex-per
-i-ment. From top to bot-tom: mea-sured force at the robot, feed-
 []

File: vch-logo.png Graphic file (type png)
<use vch-logo.png>
Package pdftex.def Info: vch-logo.png  used on input line 1104.
(pdftex.def)             Requested size: 71.13188pt x 21.21951pt.

Package fancyhdr Warning: \headheight is too small (12.0pt): 
(fancyhdr)                Make it at least 24.81955pt, for example:
(fancyhdr)                \setlength{\headheight}{24.81955pt}.
(fancyhdr)                You might also make \topmargin smaller to compensate:

(fancyhdr)                \addtolength{\topmargin}{-12.81955pt}.

[39 <./figs/me6_painting/me6_painting_result_wall.png>]
File: vch-logo.png Graphic file (type png)
<use vch-logo.png>
Package pdftex.def Info: vch-logo.png  used on input line 1111.
(pdftex.def)             Requested size: 71.13188pt x 21.21951pt.


Package fancyhdr Warning: \headheight is too small (12.0pt): 
(fancyhdr)                Make it at least 24.81955pt, for example:
(fancyhdr)                \setlength{\headheight}{24.81955pt}.
(fancyhdr)                You might also make \topmargin smaller to compensate:

(fancyhdr)                \addtolength{\topmargin}{-12.81955pt}.

[40 <./figs/me6_painting/me6_painting_result_plot.png>]
Overfull \hbox (1.20685pt too wide) in paragraph at lines 1132--1136
\OT1/cmr/m/n/12 aerial robot and a multi-joint ground robot. In the obstacle-av
oidance ex-per-i-ment, the use of hap-tic feed- 
 []

File: vch-logo.png Graphic file (type png)
<use vch-logo.png>
Package pdftex.def Info: vch-logo.png  used on input line 1146.
(pdftex.def)             Requested size: 71.13188pt x 21.21951pt.

Package fancyhdr Warning: \headheight is too small (12.0pt): 
(fancyhdr)                Make it at least 24.81955pt, for example:
(fancyhdr)                \setlength{\headheight}{24.81955pt}.
(fancyhdr)                You might also make \topmargin smaller to compensate:

(fancyhdr)                \addtolength{\topmargin}{-12.81955pt}.

[41] (./main.bbl
Underfull \hbox (badness 3942) in paragraph at lines 58--64
[]\OT1/cmr/m/n/12 Yaonan Zhu, Shukrullo Nazir-jonov, Bingheng Jiang, Jac-into C
olan, Ta-dayoshi Aoyama, 
 []

File: vch-logo.png Graphic file (type png)
<use vch-logo.png>
Package pdftex.def Info: vch-logo.png  used on input line 95.
(pdftex.def)             Requested size: 71.13188pt x 21.21951pt.

Package fancyhdr Warning: \headheight is too small (12.0pt): 
(fancyhdr)                Make it at least 24.81955pt, for example:
(fancyhdr)                \setlength{\headheight}{24.81955pt}.
(fancyhdr)                You might also make \topmargin smaller to compensate:

(fancyhdr)                \addtolength{\topmargin}{-12.81955pt}.

[42]
File: vch-logo.png Graphic file (type png)
<use vch-logo.png>
Package pdftex.def Info: vch-logo.png  used on input line 185.
(pdftex.def)             Requested size: 71.13188pt x 21.21951pt.


Package fancyhdr Warning: \headheight is too small (12.0pt): 
(fancyhdr)                Make it at least 24.81955pt, for example:
(fancyhdr)                \setlength{\headheight}{24.81955pt}.
(fancyhdr)                You might also make \topmargin smaller to compensate:

(fancyhdr)                \addtolength{\topmargin}{-12.81955pt}.

[43])
File: vch-logo.png Graphic file (type png)
<use vch-logo.png>
Package pdftex.def Info: vch-logo.png  used on input line 1181.
(pdftex.def)             Requested size: 71.13188pt x 21.21951pt.


Package fancyhdr Warning: \headheight is too small (12.0pt): 
(fancyhdr)                Make it at least 24.81955pt, for example:
(fancyhdr)                \setlength{\headheight}{24.81955pt}.
(fancyhdr)                You might also make \topmargin smaller to compensate:

(fancyhdr)                \addtolength{\topmargin}{-12.81955pt}.

[44] (./main.aux)

LaTeX Warning: There were undefined references.

Package rerunfilecheck Info: File `main.out' has not changed.
(rerunfilecheck)             Checksum: 4B2A3145B99F56343EFD02FD6BCF7E46;9996.
 ) 
Here is how much of TeX's memory you used:
 15898 strings out of 478287
 313065 string characters out of 5849289
 582417 words of memory out of 5000000
 33670 multiletter control sequences out of 15000+600000
 483369 words of font info for 79 fonts, out of 8000000 for 9000
 1141 hyphenation exceptions out of 8191
 86i,16n,93p,519b,880s stack positions out of 5000i,500n,10000p,200000b,80000s
{/usr/share/texmf/fonts/enc/dvips/cm-super/cm-super-ts1.enc}</usr/share/texli
ve/texmf-dist/fonts/type1/public/amsfonts/cm/cmbx10.pfb></usr/share/texlive/tex
mf-dist/fonts/type1/public/amsfonts/cm/cmbx12.pfb></usr/share/texlive/texmf-dis
t/fonts/type1/public/amsfonts/cm/cmex10.pfb></usr/share/texlive/texmf-dist/font
s/type1/public/amsfonts/cm/cmmi10.pfb></usr/share/texlive/texmf-dist/fonts/type
1/public/amsfonts/cm/cmmi12.pfb></usr/share/texlive/texmf-dist/fonts/type1/publ
ic/amsfonts/cm/cmmi7.pfb></usr/share/texlive/texmf-dist/fonts/type1/public/amsf
onts/cm/cmmi8.pfb></usr/share/texlive/texmf-dist/fonts/type1/public/amsfonts/cm
/cmmib10.pfb></usr/share/texlive/texmf-dist/fonts/type1/public/amsfonts/cm/cmr1
0.pfb></usr/share/texlive/texmf-dist/fonts/type1/public/amsfonts/cm/cmr12.pfb><
/usr/share/texlive/texmf-dist/fonts/type1/public/amsfonts/cm/cmr17.pfb></usr/sh
are/texlive/texmf-dist/fonts/type1/public/amsfonts/cm/cmr8.pfb></usr/share/texl
ive/texmf-dist/fonts/type1/public/amsfonts/cm/cmr9.pfb></usr/share/texlive/texm
f-dist/fonts/type1/public/amsfonts/cm/cmsl10.pfb></usr/share/texlive/texmf-dist
/fonts/type1/public/amsfonts/cm/cmsy10.pfb></usr/share/texlive/texmf-dist/fonts
/type1/public/amsfonts/cm/cmsy8.pfb></usr/share/texlive/texmf-dist/fonts/type1/
public/amsfonts/cm/cmti12.pfb></usr/share/texlive/texmf-dist/fonts/type1/public
/amsfonts/symbols/msbm10.pfb></usr/share/texmf/fonts/type1/public/cm-super/sfrm
1200.pfb>
Output written on main.pdf (44 pages, 90668299 bytes).
PDF statistics:
 750 PDF objects out of 1000 (max. 8388607)
 600 compressed objects within 6 object streams
 183 named destinations out of 1000 (max. 500000)
 434 words of extra memory for PDF output out of 10000 (max. 10000000)

